<?xml version="1.0" encoding="UTF-8"?>
<testng-results ignored="0" total="1" passed="1" failed="0" skipped="0">
  <reporter-output>
  </reporter-output>
  <suite started-at="2020-11-14T16:32:53Z" name="Default suite" finished-at="2020-11-14T16:32:53Z" duration-ms="34">
    <groups>
    </groups>
    <test started-at="2020-11-14T16:32:53Z" name="Default test" finished-at="2020-11-14T16:32:53Z" duration-ms="34">
      <class name="Test.TestNGEj">
        <test-method signature="f()[pri:0, instance:Test.TestNGEj@6f6745d6]" started-at="2020-11-14T16:32:53Z" name="f" finished-at="2020-11-14T16:32:53Z" duration-ms="15" status="PASS">
          <reporter-output>
          </reporter-output>
        </test-method> <!-- f -->
      </class> <!-- Test.TestNGEj -->
    </test> <!-- Default test -->
  </suite> <!-- Default suite -->
</testng-results>
