<?xml version="1.0" encoding="UTF-8"?>
<testng-results ignored="0" total="1" passed="1" failed="0" skipped="0">
  <reporter-output>
  </reporter-output>
  <suite started-at="2020-12-12T16:10:55Z" name="Default suite" finished-at="2020-12-12T16:11:04Z" duration-ms="9168">
    <groups>
    </groups>
    <test started-at="2020-12-12T16:10:55Z" name="Default test" finished-at="2020-12-12T16:11:04Z" duration-ms="9168">
      <class name="loginTest.TC_03_Logout">
        <test-method is-config="true" signature="startWebDriver()[pri:0, instance:loginTest.TC_03_Logout@2a551a63]" started-at="2020-12-12T16:10:55Z" name="startWebDriver" finished-at="2020-12-12T16:10:58Z" duration-ms="3035" status="PASS">
          <reporter-output>
          </reporter-output>
        </test-method> <!-- startWebDriver -->
        <test-method signature="TC_03()[pri:0, instance:loginTest.TC_03_Logout@2a551a63]" started-at="2020-12-12T16:10:58Z" name="TC_03" finished-at="2020-12-12T16:11:03Z" duration-ms="5179" status="PASS">
          <reporter-output>
          </reporter-output>
        </test-method> <!-- TC_03 -->
        <test-method is-config="true" signature="closeDriver()[pri:0, instance:loginTest.TC_03_Logout@2a551a63]" started-at="2020-12-12T16:11:03Z" name="closeDriver" finished-at="2020-12-12T16:11:04Z" duration-ms="938" status="PASS">
          <reporter-output>
          </reporter-output>
        </test-method> <!-- closeDriver -->
      </class> <!-- loginTest.TC_03_Logout -->
    </test> <!-- Default test -->
  </suite> <!-- Default suite -->
</testng-results>
